INFO - 2023-07-03 14:16:28 --> Session: Class initialized using 'CodeIgniter\Session\Handlers\FileHandler' driver.
INFO - 2023-07-03 14:16:47 --> Session: Class initialized using 'CodeIgniter\Session\Handlers\FileHandler' driver.
INFO - 2023-07-03 14:17:31 --> Session: Class initialized using 'CodeIgniter\Session\Handlers\FileHandler' driver.
INFO - 2023-07-03 14:17:42 --> Session: Class initialized using 'CodeIgniter\Session\Handlers\FileHandler' driver.
INFO - 2023-07-03 14:18:56 --> Session: Class initialized using 'CodeIgniter\Session\Handlers\FileHandler' driver.
CRITICAL - 2023-07-03 14:18:59 --> Trying to access array offset on value of type null
in APPPATH\Controllers\Signin.php on line 16.
 1 APPPATH\Controllers\Signin.php(16): CodeIgniter\Debug\Exceptions->errorHandler(2, 'Trying to access array offset on value of type null', 'D:\\codeigniter4-framework-v4.3.5-0-gb41bca4\\CarRent\\app\\Controllers\\Signin.php', 16)
 2 SYSTEMPATH\CodeIgniter.php(934): App\Controllers\Signin->login_auth()
 3 SYSTEMPATH\CodeIgniter.php(499): CodeIgniter\CodeIgniter->runController(Object(App\Controllers\Signin))
 4 SYSTEMPATH\CodeIgniter.php(368): CodeIgniter\CodeIgniter->handleRequest(null, Object(Config\Cache), false)
 5 FCPATH\index.php(67): CodeIgniter\CodeIgniter->run()
 6 SYSTEMPATH\Commands\Server\rewrite.php(47): require_once('D:\\codeigniter4-framework-v4.3.5-0-gb41bca4\\CarRent\\public\\index.php')
INFO - 2023-07-03 14:19:14 --> Session: Class initialized using 'CodeIgniter\Session\Handlers\FileHandler' driver.
CRITICAL - 2023-07-03 14:19:16 --> Trying to access array offset on value of type null
in APPPATH\Controllers\Signin.php on line 16.
 1 APPPATH\Controllers\Signin.php(16): CodeIgniter\Debug\Exceptions->errorHandler(2, 'Trying to access array offset on value of type null', 'D:\\codeigniter4-framework-v4.3.5-0-gb41bca4\\CarRent\\app\\Controllers\\Signin.php', 16)
 2 SYSTEMPATH\CodeIgniter.php(934): App\Controllers\Signin->login_auth()
 3 SYSTEMPATH\CodeIgniter.php(499): CodeIgniter\CodeIgniter->runController(Object(App\Controllers\Signin))
 4 SYSTEMPATH\CodeIgniter.php(368): CodeIgniter\CodeIgniter->handleRequest(null, Object(Config\Cache), false)
 5 FCPATH\index.php(67): CodeIgniter\CodeIgniter->run()
 6 SYSTEMPATH\Commands\Server\rewrite.php(47): require_once('D:\\codeigniter4-framework-v4.3.5-0-gb41bca4\\CarRent\\public\\index.php')
INFO - 2023-07-03 14:19:17 --> Session: Class initialized using 'CodeIgniter\Session\Handlers\FileHandler' driver.
CRITICAL - 2023-07-03 14:19:21 --> Trying to access array offset on value of type null
in APPPATH\Controllers\Signin.php on line 16.
 1 APPPATH\Controllers\Signin.php(16): CodeIgniter\Debug\Exceptions->errorHandler(2, 'Trying to access array offset on value of type null', 'D:\\codeigniter4-framework-v4.3.5-0-gb41bca4\\CarRent\\app\\Controllers\\Signin.php', 16)
 2 SYSTEMPATH\CodeIgniter.php(934): App\Controllers\Signin->login_auth()
 3 SYSTEMPATH\CodeIgniter.php(499): CodeIgniter\CodeIgniter->runController(Object(App\Controllers\Signin))
 4 SYSTEMPATH\CodeIgniter.php(368): CodeIgniter\CodeIgniter->handleRequest(null, Object(Config\Cache), false)
 5 FCPATH\index.php(67): CodeIgniter\CodeIgniter->run()
 6 SYSTEMPATH\Commands\Server\rewrite.php(47): require_once('D:\\codeigniter4-framework-v4.3.5-0-gb41bca4\\CarRent\\public\\index.php')
INFO - 2023-07-03 14:20:20 --> Session: Class initialized using 'CodeIgniter\Session\Handlers\FileHandler' driver.
INFO - 2023-07-03 14:20:20 --> Session: Class initialized using 'CodeIgniter\Session\Handlers\FileHandler' driver.
INFO - 2023-07-03 14:20:27 --> Session: Class initialized using 'CodeIgniter\Session\Handlers\FileHandler' driver.
INFO - 2023-07-03 14:20:40 --> Session: Class initialized using 'CodeIgniter\Session\Handlers\FileHandler' driver.
INFO - 2023-07-03 14:20:45 --> Session: Class initialized using 'CodeIgniter\Session\Handlers\FileHandler' driver.
