INFO - 2023-07-05 08:33:57 --> Session: Class initialized using 'CodeIgniter\Session\Handlers\FileHandler' driver.
CRITICAL - 2023-07-05 08:33:58 --> Invalid file: "login.php"
in SYSTEMPATH\Exceptions\FrameworkException.php on line 33.
 1 SYSTEMPATH\View\View.php(201): CodeIgniter\Exceptions\FrameworkException::forInvalidFile('login.php')
 2 SYSTEMPATH\Common.php(1184): CodeIgniter\View\View->render('login', [], true)
 3 APPPATH\Controllers\Home.php(16): view('login', [...])
 4 SYSTEMPATH\CodeIgniter.php(934): App\Controllers\Home->home()
 5 SYSTEMPATH\CodeIgniter.php(499): CodeIgniter\CodeIgniter->runController(Object(App\Controllers\Home))
 6 SYSTEMPATH\CodeIgniter.php(368): CodeIgniter\CodeIgniter->handleRequest(null, Object(Config\Cache), false)
 7 FCPATH\index.php(67): CodeIgniter\CodeIgniter->run()
 8 SYSTEMPATH\Commands\Server\rewrite.php(47): require_once('D:\\codeigniter4-framework-v4.3.5-0-gb41bca4\\CarRent\\public\\index.php')
INFO - 2023-07-05 08:34:03 --> Session: Class initialized using 'CodeIgniter\Session\Handlers\FileHandler' driver.
CRITICAL - 2023-07-05 08:34:03 --> Invalid file: "login.php"
in SYSTEMPATH\Exceptions\FrameworkException.php on line 33.
 1 SYSTEMPATH\View\View.php(201): CodeIgniter\Exceptions\FrameworkException::forInvalidFile('login.php')
 2 SYSTEMPATH\Common.php(1184): CodeIgniter\View\View->render('login', [], true)
 3 APPPATH\Controllers\Home.php(16): view('login', [...])
 4 SYSTEMPATH\CodeIgniter.php(934): App\Controllers\Home->home()
 5 SYSTEMPATH\CodeIgniter.php(499): CodeIgniter\CodeIgniter->runController(Object(App\Controllers\Home))
 6 SYSTEMPATH\CodeIgniter.php(368): CodeIgniter\CodeIgniter->handleRequest(null, Object(Config\Cache), false)
 7 FCPATH\index.php(67): CodeIgniter\CodeIgniter->run()
 8 SYSTEMPATH\Commands\Server\rewrite.php(47): require_once('D:\\codeigniter4-framework-v4.3.5-0-gb41bca4\\CarRent\\public\\index.php')
ERROR - 2023-07-05 08:34:21 --> Error connecting to the database: mysqli_sql_exception: No connection could be made because the target machine actively refused it in D:\codeigniter4-framework-v4.3.5-0-gb41bca4\CarRent\system\Database\MySQLi\Connection.php:174
Stack trace:
#0 D:\codeigniter4-framework-v4.3.5-0-gb41bca4\CarRent\system\Database\MySQLi\Connection.php(174): mysqli->real_connect('localhost', 'root', '', 'fauzi', 3306, '', 0)
#1 D:\codeigniter4-framework-v4.3.5-0-gb41bca4\CarRent\system\Database\BaseConnection.php(391): CodeIgniter\Database\MySQLi\Connection->connect(false)
#2 D:\codeigniter4-framework-v4.3.5-0-gb41bca4\CarRent\system\Database\BaseConnection.php(574): CodeIgniter\Database\BaseConnection->initialize()
#3 D:\codeigniter4-framework-v4.3.5-0-gb41bca4\CarRent\system\Database\BaseBuilder.php(1616): CodeIgniter\Database\BaseConnection->query('SELECT *\nFROM `...', Array, false)
#4 D:\codeigniter4-framework-v4.3.5-0-gb41bca4\CarRent\system\Model.php(268): CodeIgniter\Database\BaseBuilder->get()
#5 D:\codeigniter4-framework-v4.3.5-0-gb41bca4\CarRent\system\BaseModel.php(656): CodeIgniter\Model->doFirst()
#6 D:\codeigniter4-framework-v4.3.5-0-gb41bca4\CarRent\app\Models\User.php(25): CodeIgniter\BaseModel->first()
#7 D:\codeigniter4-framework-v4.3.5-0-gb41bca4\CarRent\app\Controllers\Signin.php(36): App\Models\User->getUserByEmail('oki@gmail.com')
#8 D:\codeigniter4-framework-v4.3.5-0-gb41bca4\CarRent\system\CodeIgniter.php(934): App\Controllers\Signin->login_auth()
#9 D:\codeigniter4-framework-v4.3.5-0-gb41bca4\CarRent\system\CodeIgniter.php(499): CodeIgniter\CodeIgniter->runController(Object(App\Controllers\Signin))
#10 D:\codeigniter4-framework-v4.3.5-0-gb41bca4\CarRent\system\CodeIgniter.php(368): CodeIgniter\CodeIgniter->handleRequest(NULL, Object(Config\Cache), false)
#11 D:\codeigniter4-framework-v4.3.5-0-gb41bca4\CarRent\public\index.php(67): CodeIgniter\CodeIgniter->run()
#12 D:\codeigniter4-framework-v4.3.5-0-gb41bca4\CarRent\system\Commands\Server\rewrite.php(47): require_once('D:\\codeigniter4...')
#13 {main}

Next CodeIgniter\Database\Exceptions\DatabaseException: No connection could be made because the target machine actively refused it in D:\codeigniter4-framework-v4.3.5-0-gb41bca4\CarRent\system\Database\MySQLi\Connection.php:218
Stack trace:
#0 D:\codeigniter4-framework-v4.3.5-0-gb41bca4\CarRent\system\Database\BaseConnection.php(391): CodeIgniter\Database\MySQLi\Connection->connect(false)
#1 D:\codeigniter4-framework-v4.3.5-0-gb41bca4\CarRent\system\Database\BaseConnection.php(574): CodeIgniter\Database\BaseConnection->initialize()
#2 D:\codeigniter4-framework-v4.3.5-0-gb41bca4\CarRent\system\Database\BaseBuilder.php(1616): CodeIgniter\Database\BaseConnection->query('SELECT *\nFROM `...', Array, false)
#3 D:\codeigniter4-framework-v4.3.5-0-gb41bca4\CarRent\system\Model.php(268): CodeIgniter\Database\BaseBuilder->get()
#4 D:\codeigniter4-framework-v4.3.5-0-gb41bca4\CarRent\system\BaseModel.php(656): CodeIgniter\Model->doFirst()
#5 D:\codeigniter4-framework-v4.3.5-0-gb41bca4\CarRent\app\Models\User.php(25): CodeIgniter\BaseModel->first()
#6 D:\codeigniter4-framework-v4.3.5-0-gb41bca4\CarRent\app\Controllers\Signin.php(36): App\Models\User->getUserByEmail('oki@gmail.com')
#7 D:\codeigniter4-framework-v4.3.5-0-gb41bca4\CarRent\system\CodeIgniter.php(934): App\Controllers\Signin->login_auth()
#8 D:\codeigniter4-framework-v4.3.5-0-gb41bca4\CarRent\system\CodeIgniter.php(499): CodeIgniter\CodeIgniter->runController(Object(App\Controllers\Signin))
#9 D:\codeigniter4-framework-v4.3.5-0-gb41bca4\CarRent\system\CodeIgniter.php(368): CodeIgniter\CodeIgniter->handleRequest(NULL, Object(Config\Cache), false)
#10 D:\codeigniter4-framework-v4.3.5-0-gb41bca4\CarRent\public\index.php(67): CodeIgniter\CodeIgniter->run()
#11 D:\codeigniter4-framework-v4.3.5-0-gb41bca4\CarRent\system\Commands\Server\rewrite.php(47): require_once('D:\\codeigniter4...')
#12 {main}
CRITICAL - 2023-07-05 08:34:21 --> Unable to connect to the database.
Main connection [MySQLi]: No connection could be made because the target machine actively refused it
in SYSTEMPATH\Database\BaseConnection.php on line 427.
 1 SYSTEMPATH\Database\BaseConnection.php(574): CodeIgniter\Database\BaseConnection->initialize()
 2 SYSTEMPATH\Database\BaseBuilder.php(1616): CodeIgniter\Database\BaseConnection->query('SELECT *
FROM `pelanggan`
WHERE `email` = :email:
 LIMIT 1', [...], false)
 3 SYSTEMPATH\Model.php(268): CodeIgniter\Database\BaseBuilder->get()
 4 SYSTEMPATH\BaseModel.php(656): CodeIgniter\Model->doFirst()
 5 APPPATH\Models\User.php(25): CodeIgniter\BaseModel->first()
 6 APPPATH\Controllers\Signin.php(36): App\Models\User->getUserByEmail('oki@gmail.com')
 7 SYSTEMPATH\CodeIgniter.php(934): App\Controllers\Signin->login_auth()
 8 SYSTEMPATH\CodeIgniter.php(499): CodeIgniter\CodeIgniter->runController(Object(App\Controllers\Signin))
 9 SYSTEMPATH\CodeIgniter.php(368): CodeIgniter\CodeIgniter->handleRequest(null, Object(Config\Cache), false)
10 FCPATH\index.php(67): CodeIgniter\CodeIgniter->run()
11 SYSTEMPATH\Commands\Server\rewrite.php(47): require_once('D:\\codeigniter4-framework-v4.3.5-0-gb41bca4\\CarRent\\public\\index.php')
INFO - 2023-07-05 08:34:46 --> Session: Class initialized using 'CodeIgniter\Session\Handlers\FileHandler' driver.
INFO - 2023-07-05 08:34:46 --> Session: Class initialized using 'CodeIgniter\Session\Handlers\FileHandler' driver.
INFO - 2023-07-05 08:41:24 --> Session: Class initialized using 'CodeIgniter\Session\Handlers\FileHandler' driver.
INFO - 2023-07-05 08:42:30 --> Session: Class initialized using 'CodeIgniter\Session\Handlers\FileHandler' driver.
INFO - 2023-07-05 08:42:32 --> Session: Class initialized using 'CodeIgniter\Session\Handlers\FileHandler' driver.
INFO - 2023-07-05 08:42:34 --> Session: Class initialized using 'CodeIgniter\Session\Handlers\FileHandler' driver.
INFO - 2023-07-05 08:42:54 --> Session: Class initialized using 'CodeIgniter\Session\Handlers\FileHandler' driver.
INFO - 2023-07-05 08:43:10 --> Session: Class initialized using 'CodeIgniter\Session\Handlers\FileHandler' driver.
INFO - 2023-07-05 08:43:38 --> Session: Class initialized using 'CodeIgniter\Session\Handlers\FileHandler' driver.
INFO - 2023-07-05 08:43:46 --> Session: Class initialized using 'CodeIgniter\Session\Handlers\FileHandler' driver.
INFO - 2023-07-05 08:43:46 --> Session: Class initialized using 'CodeIgniter\Session\Handlers\FileHandler' driver.
INFO - 2023-07-05 08:43:58 --> Session: Class initialized using 'CodeIgniter\Session\Handlers\FileHandler' driver.
