CRITICAL - 2023-06-26 11:07:15 --> Invalid file: "index.php"
in SYSTEMPATH\Exceptions\FrameworkException.php on line 33.
 1 SYSTEMPATH\View\View.php(201): CodeIgniter\Exceptions\FrameworkException::forInvalidFile('index.php')
 2 SYSTEMPATH\Common.php(1184): CodeIgniter\View\View->render('index', [], true)
 3 APPPATH\Controllers\Home.php(9): view('index')
 4 SYSTEMPATH\CodeIgniter.php(934): App\Controllers\Home->index()
 5 SYSTEMPATH\CodeIgniter.php(499): CodeIgniter\CodeIgniter->runController(Object(App\Controllers\Home))
 6 SYSTEMPATH\CodeIgniter.php(368): CodeIgniter\CodeIgniter->handleRequest(null, Object(Config\Cache), false)
 7 FCPATH\index.php(67): CodeIgniter\CodeIgniter->run()
 8 SYSTEMPATH\Commands\Server\rewrite.php(47): require_once('C:\\Users\\A C E R\\Downloads\\codeigniter4-framework-v4.3.5-0-gb41bca4\\CarRent\\public\\index.php')
CRITICAL - 2023-06-26 11:07:15 --> Invalid file: "index.php"
in SYSTEMPATH\Exceptions\FrameworkException.php on line 33.
 1 SYSTEMPATH\View\View.php(201): CodeIgniter\Exceptions\FrameworkException::forInvalidFile('index.php')
 2 SYSTEMPATH\Common.php(1184): CodeIgniter\View\View->render('index', [], true)
 3 APPPATH\Controllers\Home.php(9): view('index')
 4 SYSTEMPATH\CodeIgniter.php(934): App\Controllers\Home->index()
 5 SYSTEMPATH\CodeIgniter.php(499): CodeIgniter\CodeIgniter->runController(Object(App\Controllers\Home))
 6 SYSTEMPATH\CodeIgniter.php(368): CodeIgniter\CodeIgniter->handleRequest(null, Object(Config\Cache), false)
 7 FCPATH\index.php(67): CodeIgniter\CodeIgniter->run()
 8 SYSTEMPATH\Commands\Server\rewrite.php(47): require_once('C:\\Users\\A C E R\\Downloads\\codeigniter4-framework-v4.3.5-0-gb41bca4\\CarRent\\public\\index.php')
CRITICAL - 2023-06-26 11:07:41 --> Invalid file: "index.php"
in SYSTEMPATH\Exceptions\FrameworkException.php on line 33.
 1 SYSTEMPATH\View\View.php(201): CodeIgniter\Exceptions\FrameworkException::forInvalidFile('index.php')
 2 SYSTEMPATH\Common.php(1184): CodeIgniter\View\View->render('index', [], true)
 3 APPPATH\Controllers\Home.php(9): view('index')
 4 SYSTEMPATH\CodeIgniter.php(934): App\Controllers\Home->index()
 5 SYSTEMPATH\CodeIgniter.php(499): CodeIgniter\CodeIgniter->runController(Object(App\Controllers\Home))
 6 SYSTEMPATH\CodeIgniter.php(368): CodeIgniter\CodeIgniter->handleRequest(null, Object(Config\Cache), false)
 7 FCPATH\index.php(67): CodeIgniter\CodeIgniter->run()
 8 SYSTEMPATH\Commands\Server\rewrite.php(47): require_once('C:\\Users\\A C E R\\Downloads\\codeigniter4-framework-v4.3.5-0-gb41bca4\\CarRent\\public\\index.php')
CRITICAL - 2023-06-26 11:07:42 --> Invalid file: "index.php"
in SYSTEMPATH\Exceptions\FrameworkException.php on line 33.
 1 SYSTEMPATH\View\View.php(201): CodeIgniter\Exceptions\FrameworkException::forInvalidFile('index.php')
 2 SYSTEMPATH\Common.php(1184): CodeIgniter\View\View->render('index', [], true)
 3 APPPATH\Controllers\Home.php(9): view('index')
 4 SYSTEMPATH\CodeIgniter.php(934): App\Controllers\Home->index()
 5 SYSTEMPATH\CodeIgniter.php(499): CodeIgniter\CodeIgniter->runController(Object(App\Controllers\Home))
 6 SYSTEMPATH\CodeIgniter.php(368): CodeIgniter\CodeIgniter->handleRequest(null, Object(Config\Cache), false)
 7 FCPATH\index.php(67): CodeIgniter\CodeIgniter->run()
 8 SYSTEMPATH\Commands\Server\rewrite.php(47): require_once('C:\\Users\\A C E R\\Downloads\\codeigniter4-framework-v4.3.5-0-gb41bca4\\CarRent\\public\\index.php')
CRITICAL - 2023-06-26 11:07:57 --> Invalid file: "index.php"
in SYSTEMPATH\Exceptions\FrameworkException.php on line 33.
 1 SYSTEMPATH\View\View.php(201): CodeIgniter\Exceptions\FrameworkException::forInvalidFile('index.php')
 2 SYSTEMPATH\Common.php(1184): CodeIgniter\View\View->render('index', [], true)
 3 APPPATH\Controllers\Home.php(9): view('index')
 4 SYSTEMPATH\CodeIgniter.php(934): App\Controllers\Home->index()
 5 SYSTEMPATH\CodeIgniter.php(499): CodeIgniter\CodeIgniter->runController(Object(App\Controllers\Home))
 6 SYSTEMPATH\CodeIgniter.php(368): CodeIgniter\CodeIgniter->handleRequest(null, Object(Config\Cache), false)
 7 FCPATH\index.php(67): CodeIgniter\CodeIgniter->run()
 8 SYSTEMPATH\Commands\Server\rewrite.php(47): require_once('C:\\Users\\A C E R\\Downloads\\codeigniter4-framework-v4.3.5-0-gb41bca4\\CarRent\\public\\index.php')
CRITICAL - 2023-06-26 11:08:02 --> Invalid file: "index.php"
in SYSTEMPATH\Exceptions\FrameworkException.php on line 33.
 1 SYSTEMPATH\View\View.php(201): CodeIgniter\Exceptions\FrameworkException::forInvalidFile('index.php')
 2 SYSTEMPATH\Common.php(1184): CodeIgniter\View\View->render('index', [], true)
 3 APPPATH\Controllers\Home.php(9): view('index')
 4 SYSTEMPATH\CodeIgniter.php(934): App\Controllers\Home->index()
 5 SYSTEMPATH\CodeIgniter.php(499): CodeIgniter\CodeIgniter->runController(Object(App\Controllers\Home))
 6 SYSTEMPATH\CodeIgniter.php(368): CodeIgniter\CodeIgniter->handleRequest(null, Object(Config\Cache), false)
 7 FCPATH\index.php(67): CodeIgniter\CodeIgniter->run()
 8 SYSTEMPATH\Commands\Server\rewrite.php(47): require_once('C:\\Users\\A C E R\\Downloads\\codeigniter4-framework-v4.3.5-0-gb41bca4\\CarRent\\public\\index.php')
CRITICAL - 2023-06-26 11:08:45 --> Invalid file: "index.php"
in SYSTEMPATH\Exceptions\FrameworkException.php on line 33.
 1 SYSTEMPATH\View\View.php(201): CodeIgniter\Exceptions\FrameworkException::forInvalidFile('index.php')
 2 SYSTEMPATH\Common.php(1184): CodeIgniter\View\View->render('index', [], true)
 3 APPPATH\Controllers\Home.php(9): view('index')
 4 SYSTEMPATH\CodeIgniter.php(934): App\Controllers\Home->index()
 5 SYSTEMPATH\CodeIgniter.php(499): CodeIgniter\CodeIgniter->runController(Object(App\Controllers\Home))
 6 SYSTEMPATH\CodeIgniter.php(368): CodeIgniter\CodeIgniter->handleRequest(null, Object(Config\Cache), false)
 7 FCPATH\index.php(67): CodeIgniter\CodeIgniter->run()
 8 SYSTEMPATH\Commands\Server\rewrite.php(47): require_once('C:\\Users\\A C E R\\Downloads\\codeigniter4-framework-v4.3.5-0-gb41bca4\\CarRent\\public\\index.php')
CRITICAL - 2023-06-26 11:08:47 --> Invalid file: "index.php"
in SYSTEMPATH\Exceptions\FrameworkException.php on line 33.
 1 SYSTEMPATH\View\View.php(201): CodeIgniter\Exceptions\FrameworkException::forInvalidFile('index.php')
 2 SYSTEMPATH\Common.php(1184): CodeIgniter\View\View->render('index', [], true)
 3 APPPATH\Controllers\Home.php(9): view('index')
 4 SYSTEMPATH\CodeIgniter.php(934): App\Controllers\Home->index()
 5 SYSTEMPATH\CodeIgniter.php(499): CodeIgniter\CodeIgniter->runController(Object(App\Controllers\Home))
 6 SYSTEMPATH\CodeIgniter.php(368): CodeIgniter\CodeIgniter->handleRequest(null, Object(Config\Cache), false)
 7 FCPATH\index.php(67): CodeIgniter\CodeIgniter->run()
 8 SYSTEMPATH\Commands\Server\rewrite.php(47): require_once('C:\\Users\\A C E R\\Downloads\\codeigniter4-framework-v4.3.5-0-gb41bca4\\CarRent\\public\\index.php')
CRITICAL - 2023-06-26 11:10:06 --> Invalid file: "welcome_page.php"
in SYSTEMPATH\Exceptions\FrameworkException.php on line 33.
 1 SYSTEMPATH\View\View.php(201): CodeIgniter\Exceptions\FrameworkException::forInvalidFile('welcome_page.php')
 2 SYSTEMPATH\Common.php(1184): CodeIgniter\View\View->render('welcome_page', [], true)
 3 APPPATH\Controllers\Home.php(9): view('welcome_page')
 4 SYSTEMPATH\CodeIgniter.php(934): App\Controllers\Home->index()
 5 SYSTEMPATH\CodeIgniter.php(499): CodeIgniter\CodeIgniter->runController(Object(App\Controllers\Home))
 6 SYSTEMPATH\CodeIgniter.php(368): CodeIgniter\CodeIgniter->handleRequest(null, Object(Config\Cache), false)
 7 FCPATH\index.php(67): CodeIgniter\CodeIgniter->run()
 8 SYSTEMPATH\Commands\Server\rewrite.php(47): require_once('C:\\Users\\A C E R\\Downloads\\codeigniter4-framework-v4.3.5-0-gb41bca4\\CarRent\\public\\index.php')
CRITICAL - 2023-06-26 11:10:22 --> Invalid file: "welcome_page.php"
in SYSTEMPATH\Exceptions\FrameworkException.php on line 33.
 1 SYSTEMPATH\View\View.php(201): CodeIgniter\Exceptions\FrameworkException::forInvalidFile('welcome_page.php')
 2 SYSTEMPATH\Common.php(1184): CodeIgniter\View\View->render('welcome_page', [], true)
 3 APPPATH\Controllers\Home.php(9): view('welcome_page')
 4 SYSTEMPATH\CodeIgniter.php(934): App\Controllers\Home->index()
 5 SYSTEMPATH\CodeIgniter.php(499): CodeIgniter\CodeIgniter->runController(Object(App\Controllers\Home))
 6 SYSTEMPATH\CodeIgniter.php(368): CodeIgniter\CodeIgniter->handleRequest(null, Object(Config\Cache), false)
 7 FCPATH\index.php(67): CodeIgniter\CodeIgniter->run()
 8 SYSTEMPATH\Commands\Server\rewrite.php(47): require_once('C:\\Users\\A C E R\\Downloads\\codeigniter4-framework-v4.3.5-0-gb41bca4\\CarRent\\public\\index.php')
CRITICAL - 2023-06-26 11:10:31 --> Invalid file: "welcome_page.php"
in SYSTEMPATH\Exceptions\FrameworkException.php on line 33.
 1 SYSTEMPATH\View\View.php(201): CodeIgniter\Exceptions\FrameworkException::forInvalidFile('welcome_page.php')
 2 SYSTEMPATH\Common.php(1184): CodeIgniter\View\View->render('welcome_page', [], true)
 3 APPPATH\Controllers\Home.php(9): view('welcome_page')
 4 SYSTEMPATH\CodeIgniter.php(934): App\Controllers\Home->index()
 5 SYSTEMPATH\CodeIgniter.php(499): CodeIgniter\CodeIgniter->runController(Object(App\Controllers\Home))
 6 SYSTEMPATH\CodeIgniter.php(368): CodeIgniter\CodeIgniter->handleRequest(null, Object(Config\Cache), false)
 7 FCPATH\index.php(67): CodeIgniter\CodeIgniter->run()
 8 SYSTEMPATH\Commands\Server\rewrite.php(47): require_once('C:\\Users\\A C E R\\Downloads\\codeigniter4-framework-v4.3.5-0-gb41bca4\\CarRent\\public\\index.php')
CRITICAL - 2023-06-26 11:10:31 --> Invalid file: "welcome_page.php"
in SYSTEMPATH\Exceptions\FrameworkException.php on line 33.
 1 SYSTEMPATH\View\View.php(201): CodeIgniter\Exceptions\FrameworkException::forInvalidFile('welcome_page.php')
 2 SYSTEMPATH\Common.php(1184): CodeIgniter\View\View->render('welcome_page', [], true)
 3 APPPATH\Controllers\Home.php(9): view('welcome_page')
 4 SYSTEMPATH\CodeIgniter.php(934): App\Controllers\Home->index()
 5 SYSTEMPATH\CodeIgniter.php(499): CodeIgniter\CodeIgniter->runController(Object(App\Controllers\Home))
 6 SYSTEMPATH\CodeIgniter.php(368): CodeIgniter\CodeIgniter->handleRequest(null, Object(Config\Cache), false)
 7 FCPATH\index.php(67): CodeIgniter\CodeIgniter->run()
 8 SYSTEMPATH\Commands\Server\rewrite.php(47): require_once('C:\\Users\\A C E R\\Downloads\\codeigniter4-framework-v4.3.5-0-gb41bca4\\CarRent\\public\\index.php')
CRITICAL - 2023-06-26 11:10:32 --> Invalid file: "welcome_page.php"
in SYSTEMPATH\Exceptions\FrameworkException.php on line 33.
 1 SYSTEMPATH\View\View.php(201): CodeIgniter\Exceptions\FrameworkException::forInvalidFile('welcome_page.php')
 2 SYSTEMPATH\Common.php(1184): CodeIgniter\View\View->render('welcome_page', [], true)
 3 APPPATH\Controllers\Home.php(9): view('welcome_page')
 4 SYSTEMPATH\CodeIgniter.php(934): App\Controllers\Home->index()
 5 SYSTEMPATH\CodeIgniter.php(499): CodeIgniter\CodeIgniter->runController(Object(App\Controllers\Home))
 6 SYSTEMPATH\CodeIgniter.php(368): CodeIgniter\CodeIgniter->handleRequest(null, Object(Config\Cache), false)
 7 FCPATH\index.php(67): CodeIgniter\CodeIgniter->run()
 8 SYSTEMPATH\Commands\Server\rewrite.php(47): require_once('C:\\Users\\A C E R\\Downloads\\codeigniter4-framework-v4.3.5-0-gb41bca4\\CarRent\\public\\index.php')
CRITICAL - 2023-06-26 11:10:32 --> Invalid file: "welcome_page.php"
in SYSTEMPATH\Exceptions\FrameworkException.php on line 33.
 1 SYSTEMPATH\View\View.php(201): CodeIgniter\Exceptions\FrameworkException::forInvalidFile('welcome_page.php')
 2 SYSTEMPATH\Common.php(1184): CodeIgniter\View\View->render('welcome_page', [], true)
 3 APPPATH\Controllers\Home.php(9): view('welcome_page')
 4 SYSTEMPATH\CodeIgniter.php(934): App\Controllers\Home->index()
 5 SYSTEMPATH\CodeIgniter.php(499): CodeIgniter\CodeIgniter->runController(Object(App\Controllers\Home))
 6 SYSTEMPATH\CodeIgniter.php(368): CodeIgniter\CodeIgniter->handleRequest(null, Object(Config\Cache), false)
 7 FCPATH\index.php(67): CodeIgniter\CodeIgniter->run()
 8 SYSTEMPATH\Commands\Server\rewrite.php(47): require_once('C:\\Users\\A C E R\\Downloads\\codeigniter4-framework-v4.3.5-0-gb41bca4\\CarRent\\public\\index.php')
CRITICAL - 2023-06-26 11:10:32 --> Invalid file: "welcome_page.php"
in SYSTEMPATH\Exceptions\FrameworkException.php on line 33.
 1 SYSTEMPATH\View\View.php(201): CodeIgniter\Exceptions\FrameworkException::forInvalidFile('welcome_page.php')
 2 SYSTEMPATH\Common.php(1184): CodeIgniter\View\View->render('welcome_page', [], true)
 3 APPPATH\Controllers\Home.php(9): view('welcome_page')
 4 SYSTEMPATH\CodeIgniter.php(934): App\Controllers\Home->index()
 5 SYSTEMPATH\CodeIgniter.php(499): CodeIgniter\CodeIgniter->runController(Object(App\Controllers\Home))
 6 SYSTEMPATH\CodeIgniter.php(368): CodeIgniter\CodeIgniter->handleRequest(null, Object(Config\Cache), false)
 7 FCPATH\index.php(67): CodeIgniter\CodeIgniter->run()
 8 SYSTEMPATH\Commands\Server\rewrite.php(47): require_once('C:\\Users\\A C E R\\Downloads\\codeigniter4-framework-v4.3.5-0-gb41bca4\\CarRent\\public\\index.php')
CRITICAL - 2023-06-26 11:10:32 --> Invalid file: "welcome_page.php"
in SYSTEMPATH\Exceptions\FrameworkException.php on line 33.
 1 SYSTEMPATH\View\View.php(201): CodeIgniter\Exceptions\FrameworkException::forInvalidFile('welcome_page.php')
 2 SYSTEMPATH\Common.php(1184): CodeIgniter\View\View->render('welcome_page', [], true)
 3 APPPATH\Controllers\Home.php(9): view('welcome_page')
 4 SYSTEMPATH\CodeIgniter.php(934): App\Controllers\Home->index()
 5 SYSTEMPATH\CodeIgniter.php(499): CodeIgniter\CodeIgniter->runController(Object(App\Controllers\Home))
 6 SYSTEMPATH\CodeIgniter.php(368): CodeIgniter\CodeIgniter->handleRequest(null, Object(Config\Cache), false)
 7 FCPATH\index.php(67): CodeIgniter\CodeIgniter->run()
 8 SYSTEMPATH\Commands\Server\rewrite.php(47): require_once('C:\\Users\\A C E R\\Downloads\\codeigniter4-framework-v4.3.5-0-gb41bca4\\CarRent\\public\\index.php')
CRITICAL - 2023-06-26 11:10:32 --> Invalid file: "welcome_page.php"
in SYSTEMPATH\Exceptions\FrameworkException.php on line 33.
 1 SYSTEMPATH\View\View.php(201): CodeIgniter\Exceptions\FrameworkException::forInvalidFile('welcome_page.php')
 2 SYSTEMPATH\Common.php(1184): CodeIgniter\View\View->render('welcome_page', [], true)
 3 APPPATH\Controllers\Home.php(9): view('welcome_page')
 4 SYSTEMPATH\CodeIgniter.php(934): App\Controllers\Home->index()
 5 SYSTEMPATH\CodeIgniter.php(499): CodeIgniter\CodeIgniter->runController(Object(App\Controllers\Home))
 6 SYSTEMPATH\CodeIgniter.php(368): CodeIgniter\CodeIgniter->handleRequest(null, Object(Config\Cache), false)
 7 FCPATH\index.php(67): CodeIgniter\CodeIgniter->run()
 8 SYSTEMPATH\Commands\Server\rewrite.php(47): require_once('C:\\Users\\A C E R\\Downloads\\codeigniter4-framework-v4.3.5-0-gb41bca4\\CarRent\\public\\index.php')
CRITICAL - 2023-06-26 11:10:34 --> Invalid file: "welcome_page.php"
in SYSTEMPATH\Exceptions\FrameworkException.php on line 33.
 1 SYSTEMPATH\View\View.php(201): CodeIgniter\Exceptions\FrameworkException::forInvalidFile('welcome_page.php')
 2 SYSTEMPATH\Common.php(1184): CodeIgniter\View\View->render('welcome_page', [], true)
 3 APPPATH\Controllers\Home.php(9): view('welcome_page')
 4 SYSTEMPATH\CodeIgniter.php(934): App\Controllers\Home->index()
 5 SYSTEMPATH\CodeIgniter.php(499): CodeIgniter\CodeIgniter->runController(Object(App\Controllers\Home))
 6 SYSTEMPATH\CodeIgniter.php(368): CodeIgniter\CodeIgniter->handleRequest(null, Object(Config\Cache), false)
 7 FCPATH\index.php(67): CodeIgniter\CodeIgniter->run()
 8 SYSTEMPATH\Commands\Server\rewrite.php(47): require_once('C:\\Users\\A C E R\\Downloads\\codeigniter4-framework-v4.3.5-0-gb41bca4\\CarRent\\public\\index.php')
CRITICAL - 2023-06-26 11:10:37 --> Invalid file: "welcome_page.php"
in SYSTEMPATH\Exceptions\FrameworkException.php on line 33.
 1 SYSTEMPATH\View\View.php(201): CodeIgniter\Exceptions\FrameworkException::forInvalidFile('welcome_page.php')
 2 SYSTEMPATH\Common.php(1184): CodeIgniter\View\View->render('welcome_page', [], true)
 3 APPPATH\Controllers\Home.php(9): view('welcome_page')
 4 SYSTEMPATH\CodeIgniter.php(934): App\Controllers\Home->index()
 5 SYSTEMPATH\CodeIgniter.php(499): CodeIgniter\CodeIgniter->runController(Object(App\Controllers\Home))
 6 SYSTEMPATH\CodeIgniter.php(368): CodeIgniter\CodeIgniter->handleRequest(null, Object(Config\Cache), false)
 7 FCPATH\index.php(67): CodeIgniter\CodeIgniter->run()
 8 SYSTEMPATH\Commands\Server\rewrite.php(47): require_once('C:\\Users\\A C E R\\Downloads\\codeigniter4-framework-v4.3.5-0-gb41bca4\\CarRent\\public\\index.php')
CRITICAL - 2023-06-26 11:11:17 --> Invalid file: "welcome_page.php"
in SYSTEMPATH\Exceptions\FrameworkException.php on line 33.
 1 SYSTEMPATH\View\View.php(201): CodeIgniter\Exceptions\FrameworkException::forInvalidFile('welcome_page.php')
 2 SYSTEMPATH\Common.php(1184): CodeIgniter\View\View->render('welcome_page', [], true)
 3 APPPATH\Controllers\Home.php(9): view('welcome_page')
 4 SYSTEMPATH\CodeIgniter.php(934): App\Controllers\Home->index()
 5 SYSTEMPATH\CodeIgniter.php(499): CodeIgniter\CodeIgniter->runController(Object(App\Controllers\Home))
 6 SYSTEMPATH\CodeIgniter.php(368): CodeIgniter\CodeIgniter->handleRequest(null, Object(Config\Cache), false)
 7 FCPATH\index.php(67): CodeIgniter\CodeIgniter->run()
 8 SYSTEMPATH\Commands\Server\rewrite.php(47): require_once('C:\\Users\\A C E R\\Downloads\\codeigniter4-framework-v4.3.5-0-gb41bca4\\CarRent\\public\\index.php')
CRITICAL - 2023-06-26 11:11:18 --> Invalid file: "welcome_page.php"
in SYSTEMPATH\Exceptions\FrameworkException.php on line 33.
 1 SYSTEMPATH\View\View.php(201): CodeIgniter\Exceptions\FrameworkException::forInvalidFile('welcome_page.php')
 2 SYSTEMPATH\Common.php(1184): CodeIgniter\View\View->render('welcome_page', [], true)
 3 APPPATH\Controllers\Home.php(9): view('welcome_page')
 4 SYSTEMPATH\CodeIgniter.php(934): App\Controllers\Home->index()
 5 SYSTEMPATH\CodeIgniter.php(499): CodeIgniter\CodeIgniter->runController(Object(App\Controllers\Home))
 6 SYSTEMPATH\CodeIgniter.php(368): CodeIgniter\CodeIgniter->handleRequest(null, Object(Config\Cache), false)
 7 FCPATH\index.php(67): CodeIgniter\CodeIgniter->run()
 8 SYSTEMPATH\Commands\Server\rewrite.php(47): require_once('C:\\Users\\A C E R\\Downloads\\codeigniter4-framework-v4.3.5-0-gb41bca4\\CarRent\\public\\index.php')
CRITICAL - 2023-06-26 11:11:54 --> Invalid file: "welcome_page.php"
in SYSTEMPATH\Exceptions\FrameworkException.php on line 33.
 1 SYSTEMPATH\View\View.php(201): CodeIgniter\Exceptions\FrameworkException::forInvalidFile('welcome_page.php')
 2 SYSTEMPATH\Common.php(1184): CodeIgniter\View\View->render('welcome_page', [], true)
 3 APPPATH\Controllers\Home.php(9): view('welcome_page')
 4 SYSTEMPATH\CodeIgniter.php(934): App\Controllers\Home->index()
 5 SYSTEMPATH\CodeIgniter.php(499): CodeIgniter\CodeIgniter->runController(Object(App\Controllers\Home))
 6 SYSTEMPATH\CodeIgniter.php(368): CodeIgniter\CodeIgniter->handleRequest(null, Object(Config\Cache), false)
 7 FCPATH\index.php(67): CodeIgniter\CodeIgniter->run()
 8 SYSTEMPATH\Commands\Server\rewrite.php(47): require_once('C:\\Users\\A C E R\\Downloads\\codeigniter4-framework-v4.3.5-0-gb41bca4\\CarRent\\public\\index.php')
CRITICAL - 2023-06-26 11:52:53 --> include(C:\Users\A C E R\Downloads\codeigniter4-framework-v4.3.5-0-gb41bca4\CarRent\app\Views/head.php): Failed to open stream: No such file or directory
in APPPATH\Views\about.php on line 5.
 1 APPPATH\Views\about.php(5): CodeIgniter\Debug\Exceptions->errorHandler(2, 'include(C:\\Users\\A C E R\\Downloads\\codeigniter4-framework-v4.3.5-0-gb41bca4\\CarRent\\app\\Views/head.php): Failed to open stream: No such file or directory', 'C:\\Users\\A C E R\\Downloads\\codeigniter4-framework-v4.3.5-0-gb41bca4\\CarRent\\app\\Views\\about.php', 5)
 2 APPPATH\Views\about.php(5): include()
 3 SYSTEMPATH\View\View.php(213): include('C:\\Users\\A C E R\\Downloads\\codeigniter4-framework-v4.3.5-0-gb41bca4\\CarRent\\app\\Views\\about.php')
 4 SYSTEMPATH\View\View.php(216): CodeIgniter\View\View->CodeIgniter\View\{closure}()
 5 SYSTEMPATH\Common.php(1184): CodeIgniter\View\View->render('about', [], true)
 6 APPPATH\Controllers\Home.php(19): view('about')
 7 SYSTEMPATH\CodeIgniter.php(934): App\Controllers\Home->about()
 8 SYSTEMPATH\CodeIgniter.php(499): CodeIgniter\CodeIgniter->runController(Object(App\Controllers\Home))
 9 SYSTEMPATH\CodeIgniter.php(368): CodeIgniter\CodeIgniter->handleRequest(null, Object(Config\Cache), false)
10 FCPATH\index.php(67): CodeIgniter\CodeIgniter->run()
11 SYSTEMPATH\Commands\Server\rewrite.php(47): require_once('C:\\Users\\A C E R\\Downloads\\codeigniter4-framework-v4.3.5-0-gb41bca4\\CarRent\\public\\index.php')
CRITICAL - 2023-06-26 11:54:09 --> include(C:\Users\A C E R\Downloads\codeigniter4-framework-v4.3.5-0-gb41bca4\CarRent\app\Views/konten.php): Failed to open stream: No such file or directory
in APPPATH\Views\index.php on line 13.
 1 APPPATH\Views\index.php(13): CodeIgniter\Debug\Exceptions->errorHandler(2, 'include(C:\\Users\\A C E R\\Downloads\\codeigniter4-framework-v4.3.5-0-gb41bca4\\CarRent\\app\\Views/konten.php): Failed to open stream: No such file or directory', 'C:\\Users\\A C E R\\Downloads\\codeigniter4-framework-v4.3.5-0-gb41bca4\\CarRent\\app\\Views\\index.php', 13)
 2 APPPATH\Views\index.php(13): include()
 3 SYSTEMPATH\View\View.php(213): include('C:\\Users\\A C E R\\Downloads\\codeigniter4-framework-v4.3.5-0-gb41bca4\\CarRent\\app\\Views\\index.php')
 4 SYSTEMPATH\View\View.php(216): CodeIgniter\View\View->CodeIgniter\View\{closure}()
 5 SYSTEMPATH\Common.php(1184): CodeIgniter\View\View->render('index', [], true)
 6 APPPATH\Controllers\Home.php(9): view('index')
 7 SYSTEMPATH\CodeIgniter.php(934): App\Controllers\Home->index()
 8 SYSTEMPATH\CodeIgniter.php(499): CodeIgniter\CodeIgniter->runController(Object(App\Controllers\Home))
 9 SYSTEMPATH\CodeIgniter.php(368): CodeIgniter\CodeIgniter->handleRequest(null, Object(Config\Cache), false)
10 FCPATH\index.php(67): CodeIgniter\CodeIgniter->run()
11 SYSTEMPATH\Commands\Server\rewrite.php(47): require_once('C:\\Users\\A C E R\\Downloads\\codeigniter4-framework-v4.3.5-0-gb41bca4\\CarRent\\public\\index.php')
CRITICAL - 2023-06-26 11:54:12 --> include(C:\Users\A C E R\Downloads\codeigniter4-framework-v4.3.5-0-gb41bca4\CarRent\app\Views/konten.php): Failed to open stream: No such file or directory
in APPPATH\Views\index.php on line 13.
 1 APPPATH\Views\index.php(13): CodeIgniter\Debug\Exceptions->errorHandler(2, 'include(C:\\Users\\A C E R\\Downloads\\codeigniter4-framework-v4.3.5-0-gb41bca4\\CarRent\\app\\Views/konten.php): Failed to open stream: No such file or directory', 'C:\\Users\\A C E R\\Downloads\\codeigniter4-framework-v4.3.5-0-gb41bca4\\CarRent\\app\\Views\\index.php', 13)
 2 APPPATH\Views\index.php(13): include()
 3 SYSTEMPATH\View\View.php(213): include('C:\\Users\\A C E R\\Downloads\\codeigniter4-framework-v4.3.5-0-gb41bca4\\CarRent\\app\\Views\\index.php')
 4 SYSTEMPATH\View\View.php(216): CodeIgniter\View\View->CodeIgniter\View\{closure}()
 5 SYSTEMPATH\Common.php(1184): CodeIgniter\View\View->render('index', [], true)
 6 APPPATH\Controllers\Home.php(9): view('index')
 7 SYSTEMPATH\CodeIgniter.php(934): App\Controllers\Home->index()
 8 SYSTEMPATH\CodeIgniter.php(499): CodeIgniter\CodeIgniter->runController(Object(App\Controllers\Home))
 9 SYSTEMPATH\CodeIgniter.php(368): CodeIgniter\CodeIgniter->handleRequest(null, Object(Config\Cache), false)
10 FCPATH\index.php(67): CodeIgniter\CodeIgniter->run()
11 SYSTEMPATH\Commands\Server\rewrite.php(47): require_once('C:\\Users\\A C E R\\Downloads\\codeigniter4-framework-v4.3.5-0-gb41bca4\\CarRent\\public\\index.php')
CRITICAL - 2023-06-26 11:54:13 --> include(C:\Users\A C E R\Downloads\codeigniter4-framework-v4.3.5-0-gb41bca4\CarRent\app\Views/konten.php): Failed to open stream: No such file or directory
in APPPATH\Views\index.php on line 13.
 1 APPPATH\Views\index.php(13): CodeIgniter\Debug\Exceptions->errorHandler(2, 'include(C:\\Users\\A C E R\\Downloads\\codeigniter4-framework-v4.3.5-0-gb41bca4\\CarRent\\app\\Views/konten.php): Failed to open stream: No such file or directory', 'C:\\Users\\A C E R\\Downloads\\codeigniter4-framework-v4.3.5-0-gb41bca4\\CarRent\\app\\Views\\index.php', 13)
 2 APPPATH\Views\index.php(13): include()
 3 SYSTEMPATH\View\View.php(213): include('C:\\Users\\A C E R\\Downloads\\codeigniter4-framework-v4.3.5-0-gb41bca4\\CarRent\\app\\Views\\index.php')
 4 SYSTEMPATH\View\View.php(216): CodeIgniter\View\View->CodeIgniter\View\{closure}()
 5 SYSTEMPATH\Common.php(1184): CodeIgniter\View\View->render('index', [], true)
 6 APPPATH\Controllers\Home.php(9): view('index')
 7 SYSTEMPATH\CodeIgniter.php(934): App\Controllers\Home->index()
 8 SYSTEMPATH\CodeIgniter.php(499): CodeIgniter\CodeIgniter->runController(Object(App\Controllers\Home))
 9 SYSTEMPATH\CodeIgniter.php(368): CodeIgniter\CodeIgniter->handleRequest(null, Object(Config\Cache), false)
10 FCPATH\index.php(67): CodeIgniter\CodeIgniter->run()
11 SYSTEMPATH\Commands\Server\rewrite.php(47): require_once('C:\\Users\\A C E R\\Downloads\\codeigniter4-framework-v4.3.5-0-gb41bca4\\CarRent\\public\\index.php')
CRITICAL - 2023-06-26 11:54:13 --> include(C:\Users\A C E R\Downloads\codeigniter4-framework-v4.3.5-0-gb41bca4\CarRent\app\Views/konten.php): Failed to open stream: No such file or directory
in APPPATH\Views\index.php on line 13.
 1 APPPATH\Views\index.php(13): CodeIgniter\Debug\Exceptions->errorHandler(2, 'include(C:\\Users\\A C E R\\Downloads\\codeigniter4-framework-v4.3.5-0-gb41bca4\\CarRent\\app\\Views/konten.php): Failed to open stream: No such file or directory', 'C:\\Users\\A C E R\\Downloads\\codeigniter4-framework-v4.3.5-0-gb41bca4\\CarRent\\app\\Views\\index.php', 13)
 2 APPPATH\Views\index.php(13): include()
 3 SYSTEMPATH\View\View.php(213): include('C:\\Users\\A C E R\\Downloads\\codeigniter4-framework-v4.3.5-0-gb41bca4\\CarRent\\app\\Views\\index.php')
 4 SYSTEMPATH\View\View.php(216): CodeIgniter\View\View->CodeIgniter\View\{closure}()
 5 SYSTEMPATH\Common.php(1184): CodeIgniter\View\View->render('index', [], true)
 6 APPPATH\Controllers\Home.php(9): view('index')
 7 SYSTEMPATH\CodeIgniter.php(934): App\Controllers\Home->index()
 8 SYSTEMPATH\CodeIgniter.php(499): CodeIgniter\CodeIgniter->runController(Object(App\Controllers\Home))
 9 SYSTEMPATH\CodeIgniter.php(368): CodeIgniter\CodeIgniter->handleRequest(null, Object(Config\Cache), false)
10 FCPATH\index.php(67): CodeIgniter\CodeIgniter->run()
11 SYSTEMPATH\Commands\Server\rewrite.php(47): require_once('C:\\Users\\A C E R\\Downloads\\codeigniter4-framework-v4.3.5-0-gb41bca4\\CarRent\\public\\index.php')
CRITICAL - 2023-06-26 11:54:13 --> include(C:\Users\A C E R\Downloads\codeigniter4-framework-v4.3.5-0-gb41bca4\CarRent\app\Views/konten.php): Failed to open stream: No such file or directory
in APPPATH\Views\index.php on line 13.
 1 APPPATH\Views\index.php(13): CodeIgniter\Debug\Exceptions->errorHandler(2, 'include(C:\\Users\\A C E R\\Downloads\\codeigniter4-framework-v4.3.5-0-gb41bca4\\CarRent\\app\\Views/konten.php): Failed to open stream: No such file or directory', 'C:\\Users\\A C E R\\Downloads\\codeigniter4-framework-v4.3.5-0-gb41bca4\\CarRent\\app\\Views\\index.php', 13)
 2 APPPATH\Views\index.php(13): include()
 3 SYSTEMPATH\View\View.php(213): include('C:\\Users\\A C E R\\Downloads\\codeigniter4-framework-v4.3.5-0-gb41bca4\\CarRent\\app\\Views\\index.php')
 4 SYSTEMPATH\View\View.php(216): CodeIgniter\View\View->CodeIgniter\View\{closure}()
 5 SYSTEMPATH\Common.php(1184): CodeIgniter\View\View->render('index', [], true)
 6 APPPATH\Controllers\Home.php(9): view('index')
 7 SYSTEMPATH\CodeIgniter.php(934): App\Controllers\Home->index()
 8 SYSTEMPATH\CodeIgniter.php(499): CodeIgniter\CodeIgniter->runController(Object(App\Controllers\Home))
 9 SYSTEMPATH\CodeIgniter.php(368): CodeIgniter\CodeIgniter->handleRequest(null, Object(Config\Cache), false)
10 FCPATH\index.php(67): CodeIgniter\CodeIgniter->run()
11 SYSTEMPATH\Commands\Server\rewrite.php(47): require_once('C:\\Users\\A C E R\\Downloads\\codeigniter4-framework-v4.3.5-0-gb41bca4\\CarRent\\public\\index.php')
CRITICAL - 2023-06-26 11:54:13 --> include(C:\Users\A C E R\Downloads\codeigniter4-framework-v4.3.5-0-gb41bca4\CarRent\app\Views/konten.php): Failed to open stream: No such file or directory
in APPPATH\Views\index.php on line 13.
 1 APPPATH\Views\index.php(13): CodeIgniter\Debug\Exceptions->errorHandler(2, 'include(C:\\Users\\A C E R\\Downloads\\codeigniter4-framework-v4.3.5-0-gb41bca4\\CarRent\\app\\Views/konten.php): Failed to open stream: No such file or directory', 'C:\\Users\\A C E R\\Downloads\\codeigniter4-framework-v4.3.5-0-gb41bca4\\CarRent\\app\\Views\\index.php', 13)
 2 APPPATH\Views\index.php(13): include()
 3 SYSTEMPATH\View\View.php(213): include('C:\\Users\\A C E R\\Downloads\\codeigniter4-framework-v4.3.5-0-gb41bca4\\CarRent\\app\\Views\\index.php')
 4 SYSTEMPATH\View\View.php(216): CodeIgniter\View\View->CodeIgniter\View\{closure}()
 5 SYSTEMPATH\Common.php(1184): CodeIgniter\View\View->render('index', [], true)
 6 APPPATH\Controllers\Home.php(9): view('index')
 7 SYSTEMPATH\CodeIgniter.php(934): App\Controllers\Home->index()
 8 SYSTEMPATH\CodeIgniter.php(499): CodeIgniter\CodeIgniter->runController(Object(App\Controllers\Home))
 9 SYSTEMPATH\CodeIgniter.php(368): CodeIgniter\CodeIgniter->handleRequest(null, Object(Config\Cache), false)
10 FCPATH\index.php(67): CodeIgniter\CodeIgniter->run()
11 SYSTEMPATH\Commands\Server\rewrite.php(47): require_once('C:\\Users\\A C E R\\Downloads\\codeigniter4-framework-v4.3.5-0-gb41bca4\\CarRent\\public\\index.php')
CRITICAL - 2023-06-26 11:54:14 --> include(C:\Users\A C E R\Downloads\codeigniter4-framework-v4.3.5-0-gb41bca4\CarRent\app\Views/konten.php): Failed to open stream: No such file or directory
in APPPATH\Views\index.php on line 13.
 1 APPPATH\Views\index.php(13): CodeIgniter\Debug\Exceptions->errorHandler(2, 'include(C:\\Users\\A C E R\\Downloads\\codeigniter4-framework-v4.3.5-0-gb41bca4\\CarRent\\app\\Views/konten.php): Failed to open stream: No such file or directory', 'C:\\Users\\A C E R\\Downloads\\codeigniter4-framework-v4.3.5-0-gb41bca4\\CarRent\\app\\Views\\index.php', 13)
 2 APPPATH\Views\index.php(13): include()
 3 SYSTEMPATH\View\View.php(213): include('C:\\Users\\A C E R\\Downloads\\codeigniter4-framework-v4.3.5-0-gb41bca4\\CarRent\\app\\Views\\index.php')
 4 SYSTEMPATH\View\View.php(216): CodeIgniter\View\View->CodeIgniter\View\{closure}()
 5 SYSTEMPATH\Common.php(1184): CodeIgniter\View\View->render('index', [], true)
 6 APPPATH\Controllers\Home.php(9): view('index')
 7 SYSTEMPATH\CodeIgniter.php(934): App\Controllers\Home->index()
 8 SYSTEMPATH\CodeIgniter.php(499): CodeIgniter\CodeIgniter->runController(Object(App\Controllers\Home))
 9 SYSTEMPATH\CodeIgniter.php(368): CodeIgniter\CodeIgniter->handleRequest(null, Object(Config\Cache), false)
10 FCPATH\index.php(67): CodeIgniter\CodeIgniter->run()
11 SYSTEMPATH\Commands\Server\rewrite.php(47): require_once('C:\\Users\\A C E R\\Downloads\\codeigniter4-framework-v4.3.5-0-gb41bca4\\CarRent\\public\\index.php')
CRITICAL - 2023-06-26 11:54:20 --> include(C:\Users\A C E R\Downloads\codeigniter4-framework-v4.3.5-0-gb41bca4\CarRent\app\Views/konten.php): Failed to open stream: No such file or directory
in APPPATH\Views\index.php on line 13.
 1 APPPATH\Views\index.php(13): CodeIgniter\Debug\Exceptions->errorHandler(2, 'include(C:\\Users\\A C E R\\Downloads\\codeigniter4-framework-v4.3.5-0-gb41bca4\\CarRent\\app\\Views/konten.php): Failed to open stream: No such file or directory', 'C:\\Users\\A C E R\\Downloads\\codeigniter4-framework-v4.3.5-0-gb41bca4\\CarRent\\app\\Views\\index.php', 13)
 2 APPPATH\Views\index.php(13): include()
 3 SYSTEMPATH\View\View.php(213): include('C:\\Users\\A C E R\\Downloads\\codeigniter4-framework-v4.3.5-0-gb41bca4\\CarRent\\app\\Views\\index.php')
 4 SYSTEMPATH\View\View.php(216): CodeIgniter\View\View->CodeIgniter\View\{closure}()
 5 SYSTEMPATH\Common.php(1184): CodeIgniter\View\View->render('index', [], true)
 6 APPPATH\Controllers\Home.php(9): view('index')
 7 SYSTEMPATH\CodeIgniter.php(934): App\Controllers\Home->index()
 8 SYSTEMPATH\CodeIgniter.php(499): CodeIgniter\CodeIgniter->runController(Object(App\Controllers\Home))
 9 SYSTEMPATH\CodeIgniter.php(368): CodeIgniter\CodeIgniter->handleRequest(null, Object(Config\Cache), false)
10 FCPATH\index.php(67): CodeIgniter\CodeIgniter->run()
11 SYSTEMPATH\Commands\Server\rewrite.php(47): require_once('C:\\Users\\A C E R\\Downloads\\codeigniter4-framework-v4.3.5-0-gb41bca4\\CarRent\\public\\index.php')
CRITICAL - 2023-06-26 11:54:21 --> include(C:\Users\A C E R\Downloads\codeigniter4-framework-v4.3.5-0-gb41bca4\CarRent\app\Views/konten.php): Failed to open stream: No such file or directory
in APPPATH\Views\index.php on line 13.
 1 APPPATH\Views\index.php(13): CodeIgniter\Debug\Exceptions->errorHandler(2, 'include(C:\\Users\\A C E R\\Downloads\\codeigniter4-framework-v4.3.5-0-gb41bca4\\CarRent\\app\\Views/konten.php): Failed to open stream: No such file or directory', 'C:\\Users\\A C E R\\Downloads\\codeigniter4-framework-v4.3.5-0-gb41bca4\\CarRent\\app\\Views\\index.php', 13)
 2 APPPATH\Views\index.php(13): include()
 3 SYSTEMPATH\View\View.php(213): include('C:\\Users\\A C E R\\Downloads\\codeigniter4-framework-v4.3.5-0-gb41bca4\\CarRent\\app\\Views\\index.php')
 4 SYSTEMPATH\View\View.php(216): CodeIgniter\View\View->CodeIgniter\View\{closure}()
 5 SYSTEMPATH\Common.php(1184): CodeIgniter\View\View->render('index', [], true)
 6 APPPATH\Controllers\Home.php(9): view('index')
 7 SYSTEMPATH\CodeIgniter.php(934): App\Controllers\Home->index()
 8 SYSTEMPATH\CodeIgniter.php(499): CodeIgniter\CodeIgniter->runController(Object(App\Controllers\Home))
 9 SYSTEMPATH\CodeIgniter.php(368): CodeIgniter\CodeIgniter->handleRequest(null, Object(Config\Cache), false)
10 FCPATH\index.php(67): CodeIgniter\CodeIgniter->run()
11 SYSTEMPATH\Commands\Server\rewrite.php(47): require_once('C:\\Users\\A C E R\\Downloads\\codeigniter4-framework-v4.3.5-0-gb41bca4\\CarRent\\public\\index.php')
ERROR - 2023-06-26 12:12:19 --> Error connecting to the database: mysqli_sql_exception: Access denied for user ''@'localhost' (using password: NO) in C:\Users\A C E R\Downloads\codeigniter4-framework-v4.3.5-0-gb41bca4\CarRent\system\Database\MySQLi\Connection.php:174
Stack trace:
#0 C:\Users\A C E R\Downloads\codeigniter4-framework-v4.3.5-0-gb41bca4\CarRent\system\Database\MySQLi\Connection.php(174): mysqli->real_connect('localhost', '', '', '', 3306, '', 0)
#1 C:\Users\A C E R\Downloads\codeigniter4-framework-v4.3.5-0-gb41bca4\CarRent\system\Database\BaseConnection.php(391): CodeIgniter\Database\MySQLi\Connection->connect(false)
#2 C:\Users\A C E R\Downloads\codeigniter4-framework-v4.3.5-0-gb41bca4\CarRent\system\Database\BaseConnection.php(574): CodeIgniter\Database\BaseConnection->initialize()
#3 C:\Users\A C E R\Downloads\codeigniter4-framework-v4.3.5-0-gb41bca4\CarRent\system\Database\BaseConnection.php(1409): CodeIgniter\Database\BaseConnection->query('SHOW TABLES FRO...')
#4 C:\Users\A C E R\Downloads\codeigniter4-framework-v4.3.5-0-gb41bca4\CarRent\system\Database\BaseConnection.php(1428): CodeIgniter\Database\BaseConnection->listTables()
#5 C:\Users\A C E R\Downloads\codeigniter4-framework-v4.3.5-0-gb41bca4\CarRent\system\Database\MigrationRunner.php(768): CodeIgniter\Database\BaseConnection->tableExists('migrations')
#6 C:\Users\A C E R\Downloads\codeigniter4-framework-v4.3.5-0-gb41bca4\CarRent\system\Database\MigrationRunner.php(168): CodeIgniter\Database\MigrationRunner->ensureTable()
#7 C:\Users\A C E R\Downloads\codeigniter4-framework-v4.3.5-0-gb41bca4\CarRent\system\Commands\Database\Migrate.php(84): CodeIgniter\Database\MigrationRunner->latest(NULL)
#8 C:\Users\A C E R\Downloads\codeigniter4-framework-v4.3.5-0-gb41bca4\CarRent\system\CLI\Commands.php(65): CodeIgniter\Commands\Database\Migrate->run(Array)
#9 C:\Users\A C E R\Downloads\codeigniter4-framework-v4.3.5-0-gb41bca4\CarRent\system\CLI\Console.php(37): CodeIgniter\CLI\Commands->run('migrate', Array)
#10 C:\Users\A C E R\Downloads\codeigniter4-framework-v4.3.5-0-gb41bca4\CarRent\spark(97): CodeIgniter\CLI\Console->run()
#11 {main}

Next CodeIgniter\Database\Exceptions\DatabaseException: Access denied for user ''@'localhost' (using password: NO) in C:\Users\A C E R\Downloads\codeigniter4-framework-v4.3.5-0-gb41bca4\CarRent\system\Database\MySQLi\Connection.php:218
Stack trace:
#0 C:\Users\A C E R\Downloads\codeigniter4-framework-v4.3.5-0-gb41bca4\CarRent\system\Database\BaseConnection.php(391): CodeIgniter\Database\MySQLi\Connection->connect(false)
#1 C:\Users\A C E R\Downloads\codeigniter4-framework-v4.3.5-0-gb41bca4\CarRent\system\Database\BaseConnection.php(574): CodeIgniter\Database\BaseConnection->initialize()
#2 C:\Users\A C E R\Downloads\codeigniter4-framework-v4.3.5-0-gb41bca4\CarRent\system\Database\BaseConnection.php(1409): CodeIgniter\Database\BaseConnection->query('SHOW TABLES FRO...')
#3 C:\Users\A C E R\Downloads\codeigniter4-framework-v4.3.5-0-gb41bca4\CarRent\system\Database\BaseConnection.php(1428): CodeIgniter\Database\BaseConnection->listTables()
#4 C:\Users\A C E R\Downloads\codeigniter4-framework-v4.3.5-0-gb41bca4\CarRent\system\Database\MigrationRunner.php(768): CodeIgniter\Database\BaseConnection->tableExists('migrations')
#5 C:\Users\A C E R\Downloads\codeigniter4-framework-v4.3.5-0-gb41bca4\CarRent\system\Database\MigrationRunner.php(168): CodeIgniter\Database\MigrationRunner->ensureTable()
#6 C:\Users\A C E R\Downloads\codeigniter4-framework-v4.3.5-0-gb41bca4\CarRent\system\Commands\Database\Migrate.php(84): CodeIgniter\Database\MigrationRunner->latest(NULL)
#7 C:\Users\A C E R\Downloads\codeigniter4-framework-v4.3.5-0-gb41bca4\CarRent\system\CLI\Commands.php(65): CodeIgniter\Commands\Database\Migrate->run(Array)
#8 C:\Users\A C E R\Downloads\codeigniter4-framework-v4.3.5-0-gb41bca4\CarRent\system\CLI\Console.php(37): CodeIgniter\CLI\Commands->run('migrate', Array)
#9 C:\Users\A C E R\Downloads\codeigniter4-framework-v4.3.5-0-gb41bca4\CarRent\spark(97): CodeIgniter\CLI\Console->run()
#10 {main}
ERROR - 2023-06-26 12:12:45 --> Error connecting to the database: mysqli_sql_exception: Access denied for user ''@'localhost' (using password: NO) in C:\Users\A C E R\Downloads\codeigniter4-framework-v4.3.5-0-gb41bca4\CarRent\system\Database\MySQLi\Connection.php:174
Stack trace:
#0 C:\Users\A C E R\Downloads\codeigniter4-framework-v4.3.5-0-gb41bca4\CarRent\system\Database\MySQLi\Connection.php(174): mysqli->real_connect('localhost', '', '', '', 3306, '', 0)
#1 C:\Users\A C E R\Downloads\codeigniter4-framework-v4.3.5-0-gb41bca4\CarRent\system\Database\BaseConnection.php(391): CodeIgniter\Database\MySQLi\Connection->connect(false)
#2 C:\Users\A C E R\Downloads\codeigniter4-framework-v4.3.5-0-gb41bca4\CarRent\system\Database\BaseConnection.php(574): CodeIgniter\Database\BaseConnection->initialize()
#3 C:\Users\A C E R\Downloads\codeigniter4-framework-v4.3.5-0-gb41bca4\CarRent\system\Database\BaseConnection.php(1409): CodeIgniter\Database\BaseConnection->query('SHOW TABLES FRO...')
#4 C:\Users\A C E R\Downloads\codeigniter4-framework-v4.3.5-0-gb41bca4\CarRent\system\Database\BaseConnection.php(1428): CodeIgniter\Database\BaseConnection->listTables()
#5 C:\Users\A C E R\Downloads\codeigniter4-framework-v4.3.5-0-gb41bca4\CarRent\system\Database\MigrationRunner.php(768): CodeIgniter\Database\BaseConnection->tableExists('migrations')
#6 C:\Users\A C E R\Downloads\codeigniter4-framework-v4.3.5-0-gb41bca4\CarRent\system\Database\MigrationRunner.php(168): CodeIgniter\Database\MigrationRunner->ensureTable()
#7 C:\Users\A C E R\Downloads\codeigniter4-framework-v4.3.5-0-gb41bca4\CarRent\system\Commands\Database\Migrate.php(84): CodeIgniter\Database\MigrationRunner->latest(NULL)
#8 C:\Users\A C E R\Downloads\codeigniter4-framework-v4.3.5-0-gb41bca4\CarRent\system\CLI\Commands.php(65): CodeIgniter\Commands\Database\Migrate->run(Array)
#9 C:\Users\A C E R\Downloads\codeigniter4-framework-v4.3.5-0-gb41bca4\CarRent\system\CLI\Console.php(37): CodeIgniter\CLI\Commands->run('migrate', Array)
#10 C:\Users\A C E R\Downloads\codeigniter4-framework-v4.3.5-0-gb41bca4\CarRent\spark(97): CodeIgniter\CLI\Console->run()
#11 {main}

Next CodeIgniter\Database\Exceptions\DatabaseException: Access denied for user ''@'localhost' (using password: NO) in C:\Users\A C E R\Downloads\codeigniter4-framework-v4.3.5-0-gb41bca4\CarRent\system\Database\MySQLi\Connection.php:218
Stack trace:
#0 C:\Users\A C E R\Downloads\codeigniter4-framework-v4.3.5-0-gb41bca4\CarRent\system\Database\BaseConnection.php(391): CodeIgniter\Database\MySQLi\Connection->connect(false)
#1 C:\Users\A C E R\Downloads\codeigniter4-framework-v4.3.5-0-gb41bca4\CarRent\system\Database\BaseConnection.php(574): CodeIgniter\Database\BaseConnection->initialize()
#2 C:\Users\A C E R\Downloads\codeigniter4-framework-v4.3.5-0-gb41bca4\CarRent\system\Database\BaseConnection.php(1409): CodeIgniter\Database\BaseConnection->query('SHOW TABLES FRO...')
#3 C:\Users\A C E R\Downloads\codeigniter4-framework-v4.3.5-0-gb41bca4\CarRent\system\Database\BaseConnection.php(1428): CodeIgniter\Database\BaseConnection->listTables()
#4 C:\Users\A C E R\Downloads\codeigniter4-framework-v4.3.5-0-gb41bca4\CarRent\system\Database\MigrationRunner.php(768): CodeIgniter\Database\BaseConnection->tableExists('migrations')
#5 C:\Users\A C E R\Downloads\codeigniter4-framework-v4.3.5-0-gb41bca4\CarRent\system\Database\MigrationRunner.php(168): CodeIgniter\Database\MigrationRunner->ensureTable()
#6 C:\Users\A C E R\Downloads\codeigniter4-framework-v4.3.5-0-gb41bca4\CarRent\system\Commands\Database\Migrate.php(84): CodeIgniter\Database\MigrationRunner->latest(NULL)
#7 C:\Users\A C E R\Downloads\codeigniter4-framework-v4.3.5-0-gb41bca4\CarRent\system\CLI\Commands.php(65): CodeIgniter\Commands\Database\Migrate->run(Array)
#8 C:\Users\A C E R\Downloads\codeigniter4-framework-v4.3.5-0-gb41bca4\CarRent\system\CLI\Console.php(37): CodeIgniter\CLI\Commands->run('migrate', Array)
#9 C:\Users\A C E R\Downloads\codeigniter4-framework-v4.3.5-0-gb41bca4\CarRent\spark(97): CodeIgniter\CLI\Console->run()
#10 {main}
ERROR - 2023-06-26 12:12:54 --> Error connecting to the database: mysqli_sql_exception: Access denied for user ''@'localhost' (using password: NO) in C:\Users\A C E R\Downloads\codeigniter4-framework-v4.3.5-0-gb41bca4\CarRent\system\Database\MySQLi\Connection.php:174
Stack trace:
#0 C:\Users\A C E R\Downloads\codeigniter4-framework-v4.3.5-0-gb41bca4\CarRent\system\Database\MySQLi\Connection.php(174): mysqli->real_connect('localhost', '', '', '', 3306, '', 0)
#1 C:\Users\A C E R\Downloads\codeigniter4-framework-v4.3.5-0-gb41bca4\CarRent\system\Database\BaseConnection.php(391): CodeIgniter\Database\MySQLi\Connection->connect(false)
#2 C:\Users\A C E R\Downloads\codeigniter4-framework-v4.3.5-0-gb41bca4\CarRent\system\Database\BaseConnection.php(574): CodeIgniter\Database\BaseConnection->initialize()
#3 C:\Users\A C E R\Downloads\codeigniter4-framework-v4.3.5-0-gb41bca4\CarRent\system\Database\BaseConnection.php(1409): CodeIgniter\Database\BaseConnection->query('SHOW TABLES FRO...')
#4 C:\Users\A C E R\Downloads\codeigniter4-framework-v4.3.5-0-gb41bca4\CarRent\system\Database\BaseConnection.php(1428): CodeIgniter\Database\BaseConnection->listTables()
#5 C:\Users\A C E R\Downloads\codeigniter4-framework-v4.3.5-0-gb41bca4\CarRent\system\Database\MigrationRunner.php(768): CodeIgniter\Database\BaseConnection->tableExists('migrations')
#6 C:\Users\A C E R\Downloads\codeigniter4-framework-v4.3.5-0-gb41bca4\CarRent\system\Database\MigrationRunner.php(168): CodeIgniter\Database\MigrationRunner->ensureTable()
#7 C:\Users\A C E R\Downloads\codeigniter4-framework-v4.3.5-0-gb41bca4\CarRent\system\Commands\Database\Migrate.php(84): CodeIgniter\Database\MigrationRunner->latest(NULL)
#8 C:\Users\A C E R\Downloads\codeigniter4-framework-v4.3.5-0-gb41bca4\CarRent\system\CLI\Commands.php(65): CodeIgniter\Commands\Database\Migrate->run(Array)
#9 C:\Users\A C E R\Downloads\codeigniter4-framework-v4.3.5-0-gb41bca4\CarRent\system\CLI\Console.php(37): CodeIgniter\CLI\Commands->run('migrate', Array)
#10 C:\Users\A C E R\Downloads\codeigniter4-framework-v4.3.5-0-gb41bca4\CarRent\spark(97): CodeIgniter\CLI\Console->run()
#11 {main}

Next CodeIgniter\Database\Exceptions\DatabaseException: Access denied for user ''@'localhost' (using password: NO) in C:\Users\A C E R\Downloads\codeigniter4-framework-v4.3.5-0-gb41bca4\CarRent\system\Database\MySQLi\Connection.php:218
Stack trace:
#0 C:\Users\A C E R\Downloads\codeigniter4-framework-v4.3.5-0-gb41bca4\CarRent\system\Database\BaseConnection.php(391): CodeIgniter\Database\MySQLi\Connection->connect(false)
#1 C:\Users\A C E R\Downloads\codeigniter4-framework-v4.3.5-0-gb41bca4\CarRent\system\Database\BaseConnection.php(574): CodeIgniter\Database\BaseConnection->initialize()
#2 C:\Users\A C E R\Downloads\codeigniter4-framework-v4.3.5-0-gb41bca4\CarRent\system\Database\BaseConnection.php(1409): CodeIgniter\Database\BaseConnection->query('SHOW TABLES FRO...')
#3 C:\Users\A C E R\Downloads\codeigniter4-framework-v4.3.5-0-gb41bca4\CarRent\system\Database\BaseConnection.php(1428): CodeIgniter\Database\BaseConnection->listTables()
#4 C:\Users\A C E R\Downloads\codeigniter4-framework-v4.3.5-0-gb41bca4\CarRent\system\Database\MigrationRunner.php(768): CodeIgniter\Database\BaseConnection->tableExists('migrations')
#5 C:\Users\A C E R\Downloads\codeigniter4-framework-v4.3.5-0-gb41bca4\CarRent\system\Database\MigrationRunner.php(168): CodeIgniter\Database\MigrationRunner->ensureTable()
#6 C:\Users\A C E R\Downloads\codeigniter4-framework-v4.3.5-0-gb41bca4\CarRent\system\Commands\Database\Migrate.php(84): CodeIgniter\Database\MigrationRunner->latest(NULL)
#7 C:\Users\A C E R\Downloads\codeigniter4-framework-v4.3.5-0-gb41bca4\CarRent\system\CLI\Commands.php(65): CodeIgniter\Commands\Database\Migrate->run(Array)
#8 C:\Users\A C E R\Downloads\codeigniter4-framework-v4.3.5-0-gb41bca4\CarRent\system\CLI\Console.php(37): CodeIgniter\CLI\Commands->run('migrate', Array)
#9 C:\Users\A C E R\Downloads\codeigniter4-framework-v4.3.5-0-gb41bca4\CarRent\spark(97): CodeIgniter\CLI\Console->run()
#10 {main}
ERROR - 2023-06-26 12:14:44 --> Error connecting to the database: mysqli_sql_exception: Access denied for user ''@'localhost' (using password: NO) in C:\Users\A C E R\Downloads\codeigniter4-framework-v4.3.5-0-gb41bca4\CarRent\system\Database\MySQLi\Connection.php:174
Stack trace:
#0 C:\Users\A C E R\Downloads\codeigniter4-framework-v4.3.5-0-gb41bca4\CarRent\system\Database\MySQLi\Connection.php(174): mysqli->real_connect('localhost', '', '', '', 3306, '', 0)
#1 C:\Users\A C E R\Downloads\codeigniter4-framework-v4.3.5-0-gb41bca4\CarRent\system\Database\BaseConnection.php(391): CodeIgniter\Database\MySQLi\Connection->connect(false)
#2 C:\Users\A C E R\Downloads\codeigniter4-framework-v4.3.5-0-gb41bca4\CarRent\system\Database\BaseConnection.php(574): CodeIgniter\Database\BaseConnection->initialize()
#3 C:\Users\A C E R\Downloads\codeigniter4-framework-v4.3.5-0-gb41bca4\CarRent\system\Database\BaseConnection.php(1409): CodeIgniter\Database\BaseConnection->query('SHOW TABLES FRO...')
#4 C:\Users\A C E R\Downloads\codeigniter4-framework-v4.3.5-0-gb41bca4\CarRent\system\Database\BaseConnection.php(1428): CodeIgniter\Database\BaseConnection->listTables()
#5 C:\Users\A C E R\Downloads\codeigniter4-framework-v4.3.5-0-gb41bca4\CarRent\system\Database\MigrationRunner.php(768): CodeIgniter\Database\BaseConnection->tableExists('migrations')
#6 C:\Users\A C E R\Downloads\codeigniter4-framework-v4.3.5-0-gb41bca4\CarRent\system\Database\MigrationRunner.php(168): CodeIgniter\Database\MigrationRunner->ensureTable()
#7 C:\Users\A C E R\Downloads\codeigniter4-framework-v4.3.5-0-gb41bca4\CarRent\system\Commands\Database\Migrate.php(84): CodeIgniter\Database\MigrationRunner->latest(NULL)
#8 C:\Users\A C E R\Downloads\codeigniter4-framework-v4.3.5-0-gb41bca4\CarRent\system\CLI\Commands.php(65): CodeIgniter\Commands\Database\Migrate->run(Array)
#9 C:\Users\A C E R\Downloads\codeigniter4-framework-v4.3.5-0-gb41bca4\CarRent\system\CLI\Console.php(37): CodeIgniter\CLI\Commands->run('migrate', Array)
#10 C:\Users\A C E R\Downloads\codeigniter4-framework-v4.3.5-0-gb41bca4\CarRent\spark(97): CodeIgniter\CLI\Console->run()
#11 {main}

Next CodeIgniter\Database\Exceptions\DatabaseException: Access denied for user ''@'localhost' (using password: NO) in C:\Users\A C E R\Downloads\codeigniter4-framework-v4.3.5-0-gb41bca4\CarRent\system\Database\MySQLi\Connection.php:218
Stack trace:
#0 C:\Users\A C E R\Downloads\codeigniter4-framework-v4.3.5-0-gb41bca4\CarRent\system\Database\BaseConnection.php(391): CodeIgniter\Database\MySQLi\Connection->connect(false)
#1 C:\Users\A C E R\Downloads\codeigniter4-framework-v4.3.5-0-gb41bca4\CarRent\system\Database\BaseConnection.php(574): CodeIgniter\Database\BaseConnection->initialize()
#2 C:\Users\A C E R\Downloads\codeigniter4-framework-v4.3.5-0-gb41bca4\CarRent\system\Database\BaseConnection.php(1409): CodeIgniter\Database\BaseConnection->query('SHOW TABLES FRO...')
#3 C:\Users\A C E R\Downloads\codeigniter4-framework-v4.3.5-0-gb41bca4\CarRent\system\Database\BaseConnection.php(1428): CodeIgniter\Database\BaseConnection->listTables()
#4 C:\Users\A C E R\Downloads\codeigniter4-framework-v4.3.5-0-gb41bca4\CarRent\system\Database\MigrationRunner.php(768): CodeIgniter\Database\BaseConnection->tableExists('migrations')
#5 C:\Users\A C E R\Downloads\codeigniter4-framework-v4.3.5-0-gb41bca4\CarRent\system\Database\MigrationRunner.php(168): CodeIgniter\Database\MigrationRunner->ensureTable()
#6 C:\Users\A C E R\Downloads\codeigniter4-framework-v4.3.5-0-gb41bca4\CarRent\system\Commands\Database\Migrate.php(84): CodeIgniter\Database\MigrationRunner->latest(NULL)
#7 C:\Users\A C E R\Downloads\codeigniter4-framework-v4.3.5-0-gb41bca4\CarRent\system\CLI\Commands.php(65): CodeIgniter\Commands\Database\Migrate->run(Array)
#8 C:\Users\A C E R\Downloads\codeigniter4-framework-v4.3.5-0-gb41bca4\CarRent\system\CLI\Console.php(37): CodeIgniter\CLI\Commands->run('migrate', Array)
#9 C:\Users\A C E R\Downloads\codeigniter4-framework-v4.3.5-0-gb41bca4\CarRent\spark(97): CodeIgniter\CLI\Console->run()
#10 {main}
ERROR - 2023-06-26 12:14:55 --> Error connecting to the database: mysqli_sql_exception: Access denied for user ''@'localhost' (using password: NO) in C:\Users\A C E R\Downloads\codeigniter4-framework-v4.3.5-0-gb41bca4\CarRent\system\Database\MySQLi\Connection.php:174
Stack trace:
#0 C:\Users\A C E R\Downloads\codeigniter4-framework-v4.3.5-0-gb41bca4\CarRent\system\Database\MySQLi\Connection.php(174): mysqli->real_connect('localhost', '', '', '', 3306, '', 0)
#1 C:\Users\A C E R\Downloads\codeigniter4-framework-v4.3.5-0-gb41bca4\CarRent\system\Database\BaseConnection.php(391): CodeIgniter\Database\MySQLi\Connection->connect(false)
#2 C:\Users\A C E R\Downloads\codeigniter4-framework-v4.3.5-0-gb41bca4\CarRent\system\Database\BaseConnection.php(574): CodeIgniter\Database\BaseConnection->initialize()
#3 C:\Users\A C E R\Downloads\codeigniter4-framework-v4.3.5-0-gb41bca4\CarRent\system\Database\BaseConnection.php(1409): CodeIgniter\Database\BaseConnection->query('SHOW TABLES FRO...')
#4 C:\Users\A C E R\Downloads\codeigniter4-framework-v4.3.5-0-gb41bca4\CarRent\system\Database\BaseConnection.php(1428): CodeIgniter\Database\BaseConnection->listTables()
#5 C:\Users\A C E R\Downloads\codeigniter4-framework-v4.3.5-0-gb41bca4\CarRent\system\Database\MigrationRunner.php(768): CodeIgniter\Database\BaseConnection->tableExists('migrations')
#6 C:\Users\A C E R\Downloads\codeigniter4-framework-v4.3.5-0-gb41bca4\CarRent\system\Database\MigrationRunner.php(168): CodeIgniter\Database\MigrationRunner->ensureTable()
#7 C:\Users\A C E R\Downloads\codeigniter4-framework-v4.3.5-0-gb41bca4\CarRent\system\Commands\Database\Migrate.php(84): CodeIgniter\Database\MigrationRunner->latest(NULL)
#8 C:\Users\A C E R\Downloads\codeigniter4-framework-v4.3.5-0-gb41bca4\CarRent\system\CLI\Commands.php(65): CodeIgniter\Commands\Database\Migrate->run(Array)
#9 C:\Users\A C E R\Downloads\codeigniter4-framework-v4.3.5-0-gb41bca4\CarRent\system\CLI\Console.php(37): CodeIgniter\CLI\Commands->run('migrate', Array)
#10 C:\Users\A C E R\Downloads\codeigniter4-framework-v4.3.5-0-gb41bca4\CarRent\spark(97): CodeIgniter\CLI\Console->run()
#11 {main}

Next CodeIgniter\Database\Exceptions\DatabaseException: Access denied for user ''@'localhost' (using password: NO) in C:\Users\A C E R\Downloads\codeigniter4-framework-v4.3.5-0-gb41bca4\CarRent\system\Database\MySQLi\Connection.php:218
Stack trace:
#0 C:\Users\A C E R\Downloads\codeigniter4-framework-v4.3.5-0-gb41bca4\CarRent\system\Database\BaseConnection.php(391): CodeIgniter\Database\MySQLi\Connection->connect(false)
#1 C:\Users\A C E R\Downloads\codeigniter4-framework-v4.3.5-0-gb41bca4\CarRent\system\Database\BaseConnection.php(574): CodeIgniter\Database\BaseConnection->initialize()
#2 C:\Users\A C E R\Downloads\codeigniter4-framework-v4.3.5-0-gb41bca4\CarRent\system\Database\BaseConnection.php(1409): CodeIgniter\Database\BaseConnection->query('SHOW TABLES FRO...')
#3 C:\Users\A C E R\Downloads\codeigniter4-framework-v4.3.5-0-gb41bca4\CarRent\system\Database\BaseConnection.php(1428): CodeIgniter\Database\BaseConnection->listTables()
#4 C:\Users\A C E R\Downloads\codeigniter4-framework-v4.3.5-0-gb41bca4\CarRent\system\Database\MigrationRunner.php(768): CodeIgniter\Database\BaseConnection->tableExists('migrations')
#5 C:\Users\A C E R\Downloads\codeigniter4-framework-v4.3.5-0-gb41bca4\CarRent\system\Database\MigrationRunner.php(168): CodeIgniter\Database\MigrationRunner->ensureTable()
#6 C:\Users\A C E R\Downloads\codeigniter4-framework-v4.3.5-0-gb41bca4\CarRent\system\Commands\Database\Migrate.php(84): CodeIgniter\Database\MigrationRunner->latest(NULL)
#7 C:\Users\A C E R\Downloads\codeigniter4-framework-v4.3.5-0-gb41bca4\CarRent\system\CLI\Commands.php(65): CodeIgniter\Commands\Database\Migrate->run(Array)
#8 C:\Users\A C E R\Downloads\codeigniter4-framework-v4.3.5-0-gb41bca4\CarRent\system\CLI\Console.php(37): CodeIgniter\CLI\Commands->run('migrate', Array)
#9 C:\Users\A C E R\Downloads\codeigniter4-framework-v4.3.5-0-gb41bca4\CarRent\spark(97): CodeIgniter\CLI\Console->run()
#10 {main}
CRITICAL - 2023-06-26 12:27:01 --> Undefined array key "activate-account"
in VENDORPATH\myth\auth\src\Config\Routes.php on line 26.
 1 VENDORPATH\myth\auth\src\Config\Routes.php(26): CodeIgniter\Debug\Exceptions->errorHandler(2, 'Undefined array key "activate-account"', 'C:\\Users\\A C E R\\Downloads\\codeigniter4-framework-v4.3.5-0-gb41bca4\\CarRent\\vendor\\myth\\auth\\src\\Config\\Routes.php', 26)
 2 SYSTEMPATH\Router\RouteCollection.php(676): CodeIgniter\Router\RouteCollection::Myth\Auth\Config\{closure}(Object(CodeIgniter\Router\RouteCollection))
 3 VENDORPATH\myth\auth\src\Config\Routes.php(34): CodeIgniter\Router\RouteCollection->group('', [...], Object(Closure))
 4 SYSTEMPATH\Router\RouteCollection.php(302): include('C:\\Users\\A C E R\\Downloads\\codeigniter4-framework-v4.3.5-0-gb41bca4\\CarRent\\vendor\\myth\\auth\\src\\Config\\Routes.php')
 5 SYSTEMPATH\Router\RouteCollection.php(269): CodeIgniter\Router\RouteCollection->discoverRoutes()
 6 SYSTEMPATH\CodeIgniter.php(802): CodeIgniter\Router\RouteCollection->loadRoutes()
 7 SYSTEMPATH\CodeIgniter.php(449): CodeIgniter\CodeIgniter->tryToRouteIt(null)
 8 SYSTEMPATH\CodeIgniter.php(368): CodeIgniter\CodeIgniter->handleRequest(null, Object(Config\Cache), false)
 9 FCPATH\index.php(67): CodeIgniter\CodeIgniter->run()
10 SYSTEMPATH\Commands\Server\rewrite.php(47): require_once('C:\\Users\\A C E R\\Downloads\\codeigniter4-framework-v4.3.5-0-gb41bca4\\CarRent\\public\\index.php')
CRITICAL - 2023-06-26 12:27:02 --> Undefined array key "activate-account"
in VENDORPATH\myth\auth\src\Config\Routes.php on line 26.
 1 VENDORPATH\myth\auth\src\Config\Routes.php(26): CodeIgniter\Debug\Exceptions->errorHandler(2, 'Undefined array key "activate-account"', 'C:\\Users\\A C E R\\Downloads\\codeigniter4-framework-v4.3.5-0-gb41bca4\\CarRent\\vendor\\myth\\auth\\src\\Config\\Routes.php', 26)
 2 SYSTEMPATH\Router\RouteCollection.php(676): CodeIgniter\Router\RouteCollection::Myth\Auth\Config\{closure}(Object(CodeIgniter\Router\RouteCollection))
 3 VENDORPATH\myth\auth\src\Config\Routes.php(34): CodeIgniter\Router\RouteCollection->group('', [...], Object(Closure))
 4 SYSTEMPATH\Router\RouteCollection.php(302): include('C:\\Users\\A C E R\\Downloads\\codeigniter4-framework-v4.3.5-0-gb41bca4\\CarRent\\vendor\\myth\\auth\\src\\Config\\Routes.php')
 5 SYSTEMPATH\Router\RouteCollection.php(269): CodeIgniter\Router\RouteCollection->discoverRoutes()
 6 SYSTEMPATH\CodeIgniter.php(802): CodeIgniter\Router\RouteCollection->loadRoutes()
 7 SYSTEMPATH\CodeIgniter.php(449): CodeIgniter\CodeIgniter->tryToRouteIt(null)
 8 SYSTEMPATH\CodeIgniter.php(368): CodeIgniter\CodeIgniter->handleRequest(null, Object(Config\Cache), false)
 9 FCPATH\index.php(67): CodeIgniter\CodeIgniter->run()
10 SYSTEMPATH\Commands\Server\rewrite.php(47): require_once('C:\\Users\\A C E R\\Downloads\\codeigniter4-framework-v4.3.5-0-gb41bca4\\CarRent\\public\\index.php')
CRITICAL - 2023-06-26 12:27:05 --> Undefined array key "activate-account"
in VENDORPATH\myth\auth\src\Config\Routes.php on line 26.
 1 VENDORPATH\myth\auth\src\Config\Routes.php(26): CodeIgniter\Debug\Exceptions->errorHandler(2, 'Undefined array key "activate-account"', 'C:\\Users\\A C E R\\Downloads\\codeigniter4-framework-v4.3.5-0-gb41bca4\\CarRent\\vendor\\myth\\auth\\src\\Config\\Routes.php', 26)
 2 SYSTEMPATH\Router\RouteCollection.php(676): CodeIgniter\Router\RouteCollection::Myth\Auth\Config\{closure}(Object(CodeIgniter\Router\RouteCollection))
 3 VENDORPATH\myth\auth\src\Config\Routes.php(34): CodeIgniter\Router\RouteCollection->group('', [...], Object(Closure))
 4 SYSTEMPATH\Router\RouteCollection.php(302): include('C:\\Users\\A C E R\\Downloads\\codeigniter4-framework-v4.3.5-0-gb41bca4\\CarRent\\vendor\\myth\\auth\\src\\Config\\Routes.php')
 5 SYSTEMPATH\Router\RouteCollection.php(269): CodeIgniter\Router\RouteCollection->discoverRoutes()
 6 SYSTEMPATH\CodeIgniter.php(802): CodeIgniter\Router\RouteCollection->loadRoutes()
 7 SYSTEMPATH\CodeIgniter.php(449): CodeIgniter\CodeIgniter->tryToRouteIt(null)
 8 SYSTEMPATH\CodeIgniter.php(368): CodeIgniter\CodeIgniter->handleRequest(null, Object(Config\Cache), false)
 9 FCPATH\index.php(67): CodeIgniter\CodeIgniter->run()
10 SYSTEMPATH\Commands\Server\rewrite.php(47): require_once('C:\\Users\\A C E R\\Downloads\\codeigniter4-framework-v4.3.5-0-gb41bca4\\CarRent\\public\\index.php')
INFO - 2023-06-26 12:49:14 --> Session: Class initialized using 'CodeIgniter\Session\Handlers\FileHandler' driver.
INFO - 2023-06-26 12:50:14 --> Session: Class initialized using 'CodeIgniter\Session\Handlers\FileHandler' driver.
INFO - 2023-06-26 12:51:03 --> Session: Class initialized using 'CodeIgniter\Session\Handlers\FileHandler' driver.
INFO - 2023-06-26 12:51:35 --> Session: Class initialized using 'CodeIgniter\Session\Handlers\FileHandler' driver.
INFO - 2023-06-26 12:51:41 --> Session: Class initialized using 'CodeIgniter\Session\Handlers\FileHandler' driver.
INFO - 2023-06-26 12:52:55 --> Session: Class initialized using 'CodeIgniter\Session\Handlers\FileHandler' driver.
INFO - 2023-06-26 13:02:02 --> Session: Class initialized using 'CodeIgniter\Session\Handlers\FileHandler' driver.
INFO - 2023-06-26 13:17:20 --> Session: Class initialized using 'CodeIgniter\Session\Handlers\FileHandler' driver.
INFO - 2023-06-26 13:18:23 --> Session: Class initialized using 'CodeIgniter\Session\Handlers\FileHandler' driver.
INFO - 2023-06-26 13:18:48 --> Session: Class initialized using 'CodeIgniter\Session\Handlers\FileHandler' driver.
INFO - 2023-06-26 13:18:59 --> Session: Class initialized using 'CodeIgniter\Session\Handlers\FileHandler' driver.
INFO - 2023-06-26 13:19:02 --> Session: Class initialized using 'CodeIgniter\Session\Handlers\FileHandler' driver.
INFO - 2023-06-26 13:19:07 --> Session: Class initialized using 'CodeIgniter\Session\Handlers\FileHandler' driver.
INFO - 2023-06-26 13:19:11 --> Session: Class initialized using 'CodeIgniter\Session\Handlers\FileHandler' driver.
INFO - 2023-06-26 13:19:27 --> Session: Class initialized using 'CodeIgniter\Session\Handlers\FileHandler' driver.
INFO - 2023-06-26 13:19:36 --> Session: Class initialized using 'CodeIgniter\Session\Handlers\FileHandler' driver.
INFO - 2023-06-26 13:20:08 --> Session: Class initialized using 'CodeIgniter\Session\Handlers\FileHandler' driver.
INFO - 2023-06-26 13:20:52 --> Session: Class initialized using 'CodeIgniter\Session\Handlers\FileHandler' driver.
INFO - 2023-06-26 13:21:02 --> Session: Class initialized using 'CodeIgniter\Session\Handlers\FileHandler' driver.
INFO - 2023-06-26 13:25:54 --> Session: Class initialized using 'CodeIgniter\Session\Handlers\FileHandler' driver.
INFO - 2023-06-26 13:27:47 --> Session: Class initialized using 'CodeIgniter\Session\Handlers\FileHandler' driver.
INFO - 2023-06-26 13:29:16 --> Session: Class initialized using 'CodeIgniter\Session\Handlers\FileHandler' driver.
INFO - 2023-06-26 13:29:17 --> Session: Class initialized using 'CodeIgniter\Session\Handlers\FileHandler' driver.
INFO - 2023-06-26 13:29:28 --> Session: Class initialized using 'CodeIgniter\Session\Handlers\FileHandler' driver.
INFO - 2023-06-26 13:29:28 --> Session: Class initialized using 'CodeIgniter\Session\Handlers\FileHandler' driver.
INFO - 2023-06-26 13:29:33 --> Session: Class initialized using 'CodeIgniter\Session\Handlers\FileHandler' driver.
INFO - 2023-06-26 13:30:23 --> Session: Class initialized using 'CodeIgniter\Session\Handlers\FileHandler' driver.
INFO - 2023-06-26 13:31:41 --> Session: Class initialized using 'CodeIgniter\Session\Handlers\FileHandler' driver.
INFO - 2023-06-26 13:32:45 --> Session: Class initialized using 'CodeIgniter\Session\Handlers\FileHandler' driver.
INFO - 2023-06-26 14:10:24 --> Session: Class initialized using 'CodeIgniter\Session\Handlers\FileHandler' driver.
INFO - 2023-06-26 14:10:47 --> Session: Class initialized using 'CodeIgniter\Session\Handlers\FileHandler' driver.
INFO - 2023-06-26 14:11:36 --> Session: Class initialized using 'CodeIgniter\Session\Handlers\FileHandler' driver.
INFO - 2023-06-26 14:11:37 --> Session: Class initialized using 'CodeIgniter\Session\Handlers\FileHandler' driver.
INFO - 2023-06-26 14:11:56 --> Session: Class initialized using 'CodeIgniter\Session\Handlers\FileHandler' driver.
INFO - 2023-06-26 14:11:59 --> Session: Class initialized using 'CodeIgniter\Session\Handlers\FileHandler' driver.
INFO - 2023-06-26 14:17:12 --> Session: Class initialized using 'CodeIgniter\Session\Handlers\FileHandler' driver.
INFO - 2023-06-26 14:17:13 --> Session: Class initialized using 'CodeIgniter\Session\Handlers\FileHandler' driver.
INFO - 2023-06-26 14:17:30 --> Session: Class initialized using 'CodeIgniter\Session\Handlers\FileHandler' driver.
INFO - 2023-06-26 14:18:12 --> Session: Class initialized using 'CodeIgniter\Session\Handlers\FileHandler' driver.
INFO - 2023-06-26 14:18:14 --> Session: Class initialized using 'CodeIgniter\Session\Handlers\FileHandler' driver.
INFO - 2023-06-26 14:19:41 --> Session: Class initialized using 'CodeIgniter\Session\Handlers\FileHandler' driver.
INFO - 2023-06-26 14:20:21 --> Session: Class initialized using 'CodeIgniter\Session\Handlers\FileHandler' driver.
INFO - 2023-06-26 14:20:24 --> Session: Class initialized using 'CodeIgniter\Session\Handlers\FileHandler' driver.
INFO - 2023-06-26 14:20:54 --> Session: Class initialized using 'CodeIgniter\Session\Handlers\FileHandler' driver.
INFO - 2023-06-26 14:26:34 --> Session: Class initialized using 'CodeIgniter\Session\Handlers\FileHandler' driver.
